<?xml version="1.0" encoding="UTF-8"?>
<testsuite xmlns:xsi="http://www.w3.org/2001/XMLSchema-instance" xsi:noNamespaceSchemaLocation="https://maven.apache.org/surefire/maven-surefire-plugin/xsd/surefire-test-report-3.0.xsd" version="3.0" name="com.webzy.jwt.JwtApplicationTests" time="18.617" tests="1" errors="0" skipped="0" failures="0">
  <properties>
[...]
</properties>
  <testcase name="contextLoads" classname="com.webzy.jwt.JwtApplicationTests" time="1.274">
    <system-out><![CDATA[16:47:42.614 [main] INFO org.springframework.test.context.support.AnnotationConfigContextLoaderUtils -- Could not detect default configuration classes for test class [com.webzy.jwt.JwtApplicationTests]: JwtApplicationTests does not declare any static, non-private, non-final, nested classes annotated with @Configuration.
16:47:42.974 [main] INFO org.springframework.boot.test.context.SpringBootTestContextBootstrapper -- Found @SpringBootConfiguration com.webzy.jwt.JwtApplication for test class com.webzy.jwt.JwtApplicationTests
16:47:43.498 [main] INFO org.springframework.boot.devtools.restart.RestartApplicationListener -- Restart disabled due to context in which it is running
                                                                  
                                                                  
                  __.....__     /|                                
       _     _.-''         '.   ||                .-.          .- 
 /\    \\   //     .-''"'-.  `. ||                 \ \        / / 
 `\\  //\\ //     /________\   \||  __              \ \      / /  
   \`//  \'/|                  |||/'__ '. .--------. \ \    / /   
    \|   |/ \    .-------------'|:/`  '. '|____    |  \ \  / /    
     '       \    '-.____...---.||     | |    /   /    \ `  /     
              `.             .' ||\    / '  .'   /      \  /      
                `''-...... -'   |/\'..' /  /    /___    / /       
                                '  `'-'`  |         |`-' /        
                                          |_________|'..'         
Webzy <3
Role Based Authentication + JWT
2024-04-25T16:47:44.239+05:30  INFO 20984 --- [           main] com.webzy.jwt.JwtApplicationTests        : Starting JwtApplicationTests using Java 17.0.7 with PID 20984 (started by shree in C:\Users\shree\Desktop\ProjectAlpha\backend\jwt)
2024-04-25T16:47:44.244+05:30  INFO 20984 --- [           main] com.webzy.jwt.JwtApplicationTests        : No active profile set, falling back to 1 default profile: "default"
2024-04-25T16:47:46.706+05:30  INFO 20984 --- [           main] .s.d.r.c.RepositoryConfigurationDelegate : Bootstrapping Spring Data JPA repositories in DEFAULT mode.
2024-04-25T16:47:46.926+05:30  INFO 20984 --- [           main] .s.d.r.c.RepositoryConfigurationDelegate : Finished Spring Data repository scanning in 200 ms. Found 6 JPA repository interfaces.
2024-04-25T16:47:48.396+05:30  INFO 20984 --- [           main] o.hibernate.jpa.internal.util.LogHelper  : HHH000204: Processing PersistenceUnitInfo [name: default]
2024-04-25T16:47:48.597+05:30  INFO 20984 --- [           main] org.hibernate.Version                    : HHH000412: Hibernate ORM core version 6.4.1.Final
2024-04-25T16:47:48.742+05:30  INFO 20984 --- [           main] o.h.c.internal.RegionFactoryInitiator    : HHH000026: Second-level cache disabled
2024-04-25T16:47:49.582+05:30  INFO 20984 --- [           main] o.s.o.j.p.SpringPersistenceUnitInfo      : No LoadTimeWeaver setup: ignoring JPA class transformer
2024-04-25T16:47:49.658+05:30  INFO 20984 --- [           main] com.zaxxer.hikari.HikariDataSource       : HikariPool-1 - Starting...
2024-04-25T16:47:50.224+05:30  INFO 20984 --- [           main] com.zaxxer.hikari.pool.HikariPool        : HikariPool-1 - Added connection org.postgresql.jdbc.PgConnection@105dc04d
2024-04-25T16:47:50.229+05:30  INFO 20984 --- [           main] com.zaxxer.hikari.HikariDataSource       : HikariPool-1 - Start completed.
2024-04-25T16:47:50.361+05:30  WARN 20984 --- [           main] org.hibernate.orm.deprecation            : HHH90000025: PostgreSQLDialect does not need to be specified explicitly using 'hibernate.dialect' (remove the property setting and it will be selected by default)
2024-04-25T16:47:52.904+05:30  INFO 20984 --- [           main] o.h.e.t.j.p.i.JtaPlatformInitiator       : HHH000489: No JTA platform available (set 'hibernate.transaction.jta.platform' to enable JTA platform integration)
2024-04-25T16:47:53.144+05:30  INFO 20984 --- [           main] j.LocalContainerEntityManagerFactoryBean : Initialized JPA EntityManagerFactory for persistence unit 'default'
2024-04-25T16:47:54.336+05:30  INFO 20984 --- [           main] o.s.d.j.r.query.QueryEnhancerFactory     : Hibernate is in classpath; If applicable, HQL parser will be used.
Hibernate: select r1_0.role_name,r1_0.role_description from role r1_0 where r1_0.role_name=?
Hibernate: select r1_0.role_name,r1_0.role_description from role r1_0 where r1_0.role_name=?
Hibernate: select au1_0.user_name,au1_0.email,au1_0.location,au1_0.mobile_number,au1_0.operator_name,r1_0.app_user_id,r1_1.role_name,r1_1.role_description,au1_0.user_password from app_user au1_0 left join app_user_role r1_0 on au1_0.user_name=r1_0.app_user_id left join role r1_1 on r1_1.role_name=r1_0.role_name where au1_0.user_name=?
Hibernate: update app_user set email=?,location=?,mobile_number=?,operator_name=?,user_password=? where user_name=?
2024-04-25T16:47:57.010+05:30  WARN 20984 --- [           main] JpaBaseConfiguration$JpaWebConfiguration : spring.jpa.open-in-view is enabled by default. Therefore, database queries may be performed during view rendering. Explicitly configure spring.jpa.open-in-view to disable this warning
2024-04-25T16:47:58.292+05:30  INFO 20984 --- [           main] o.s.s.web.DefaultSecurityFilterChain     : Will secure any request with [org.springframework.security.web.session.DisableEncodeUrlFilter@1fd1deed, org.springframework.security.web.context.request.async.WebAsyncManagerIntegrationFilter@814b60b, org.springframework.security.web.context.SecurityContextHolderFilter@5b6a9ef6, org.springframework.security.web.header.HeaderWriterFilter@3725471, org.springframework.web.filter.CorsFilter@515a897c, org.springframework.security.web.authentication.logout.LogoutFilter@408f3054, com.webzy.jwt.configuration.JwtRequestFilter@6bc08a77, org.springframework.security.web.savedrequest.RequestCacheAwareFilter@4cae7d5, org.springframework.security.web.servletapi.SecurityContextHolderAwareRequestFilter@4c821dc7, org.springframework.security.web.authentication.AnonymousAuthenticationFilter@197d6cc9, org.springframework.security.web.session.SessionManagementFilter@357f0cc9, org.springframework.security.web.access.ExceptionTranslationFilter@2625eb84, org.springframework.security.web.access.intercept.AuthorizationFilter@375dc95c]
2024-04-25T16:47:59.431+05:30  INFO 20984 --- [           main] com.webzy.jwt.JwtApplicationTests        : Started JwtApplicationTests in 15.979 seconds (process running for 18.951)
]]></system-out>
  </testcase>
</testsuite>